N/A% (0 of 100) |                        | Elapsed Time: 0:00:00 ETA:  --:--:--
  1% (1 of 100) |                        | Elapsed Time: 0:00:04 ETA:   0:07:03
  2% (2 of 100) |                        | Elapsed Time: 0:00:07 ETA:   0:05:07
  3% (3 of 100) |                        | Elapsed Time: 0:00:10 ETA:   0:05:39
  4% (4 of 100) |                        | Elapsed Time: 0:00:13 ETA:   0:03:54
  5% (5 of 100) |#                       | Elapsed Time: 0:00:15 ETA:   0:03:19
  6% (6 of 100) |#                       | Elapsed Time: 0:00:17 ETA:   0:03:22
  7% (7 of 100) |#                       | Elapsed Time: 0:00:19 ETA:   0:03:44
  8% (8 of 100) |#                       | Elapsed Time: 0:00:21 ETA:   0:03:03
  9% (9 of 100) |##                      | Elapsed Time: 0:00:24 ETA:   0:05:16
 10% (10 of 100) |##                     | Elapsed Time: 0:00:26 ETA:   0:03:45
 11% (11 of 100) |##                     | Elapsed Time: 0:00:28 ETA:   0:03:49
 12% (12 of 100) |##                     | Elapsed Time: 0:00:30 ETA:   0:02:55
 13% (13 of 100) |##                     | Elapsed Time: 0:00:31 ETA:   0:02:09
 14% (14 of 100) |###                    | Elapsed Time: 0:00:34 ETA:   0:03:49
 15% (15 of 100) |###                    | Elapsed Time: 0:00:37 ETA:   0:03:43
 16% (16 of 100) |###                    | Elapsed Time: 0:00:39 ETA:   0:03:06
 17% (17 of 100) |###                    | Elapsed Time: 0:00:42 ETA:   0:04:24
 18% (18 of 100) |####                   | Elapsed Time: 0:00:44 ETA:   0:02:51
 19% (19 of 100) |####                   | Elapsed Time: 0:00:45 ETA:   0:02:16
 20% (20 of 100) |####                   | Elapsed Time: 0:00:48 ETA:   0:03:42
 21% (21 of 100) |####                   | Elapsed Time: 0:00:50 ETA:   0:02:46
 22% (22 of 100) |#####                  | Elapsed Time: 0:00:52 ETA:   0:02:12
 23% (23 of 100) |#####                  | Elapsed Time: 0:00:53 ETA:   0:01:55
 24% (24 of 100) |#####                  | Elapsed Time: 0:00:56 ETA:   0:02:52
 25% (25 of 100) |#####                  | Elapsed Time: 0:00:57 ETA:   0:02:13
 26% (26 of 100) |#####                  | Elapsed Time: 0:00:59 ETA:   0:01:55
 27% (27 of 100) |######                 | Elapsed Time: 0:01:00 ETA:   0:01:52
 28% (28 of 100) |######                 | Elapsed Time: 0:01:01 ETA:   0:01:25
 29% (29 of 100) |######                 | Elapsed Time: 0:01:03 ETA:   0:02:52
 30% (30 of 100) |######                 | Elapsed Time: 0:01:06 ETA:   0:03:13
 31% (31 of 100) |#######                | Elapsed Time: 0:01:09 ETA:   0:03:29
 32% (32 of 100) |#######                | Elapsed Time: 0:01:12 ETA:   0:03:31
 33% (33 of 100) |#######                | Elapsed Time: 0:01:15 ETA:   0:02:32
 34% (34 of 100) |#######                | Elapsed Time: 0:01:17 ETA:   0:02:35
 35% (35 of 100) |########               | Elapsed Time: 0:01:19 ETA:   0:02:12
 36% (36 of 100) |########               | Elapsed Time: 0:01:21 ETA:   0:01:52
 37% (37 of 100) |########               | Elapsed Time: 0:01:22 ETA:   0:01:36
 38% (38 of 100) |########               | Elapsed Time: 0:01:24 ETA:   0:02:44
 39% (39 of 100) |########               | Elapsed Time: 0:01:26 ETA:   0:02:05
 40% (40 of 100) |#########              | Elapsed Time: 0:01:27 ETA:   0:01:29
 41% (41 of 100) |#########              | Elapsed Time: 0:01:28 ETA:   0:01:14
 42% (42 of 100) |#########              | Elapsed Time: 0:01:30 ETA:   0:01:24
 43% (43 of 100) |#########              | Elapsed Time: 0:01:32 ETA:   0:01:28
 44% (44 of 100) |##########             | Elapsed Time: 0:01:33 ETA:   0:01:23
 45% (45 of 100) |##########             | Elapsed Time: 0:01:35 ETA:   0:01:36
 46% (46 of 100) |##########             | Elapsed Time: 0:01:37 ETA:   0:01:52
 47% (47 of 100) |##########             | Elapsed Time: 0:01:39 ETA:   0:01:34
 48% (48 of 100) |###########            | Elapsed Time: 0:01:40 ETA:   0:01:25
 49% (49 of 100) |###########            | Elapsed Time: 0:01:45 ETA:   0:03:31
 50% (50 of 100) |###########            | Elapsed Time: 0:01:47 ETA:   0:01:44
 51% (51 of 100) |###########            | Elapsed Time: 0:01:50 ETA:   0:02:20
 52% (52 of 100) |###########            | Elapsed Time: 0:01:51 ETA:   0:01:40
 53% (53 of 100) |############           | Elapsed Time: 0:01:55 ETA:   0:03:32
 54% (54 of 100) |############           | Elapsed Time: 0:01:58 ETA:   0:02:03
 55% (55 of 100) |############           | Elapsed Time: 0:02:01 ETA:   0:02:16
 56% (56 of 100) |############           | Elapsed Time: 0:02:03 ETA:   0:01:45
 57% (57 of 100) |#############          | Elapsed Time: 0:02:04 ETA:   0:01:03
 58% (58 of 100) |#############          | Elapsed Time: 0:02:06 ETA:   0:01:31
 59% (59 of 100) |#############          | Elapsed Time: 0:02:07 ETA:   0:01:09
 60% (60 of 100) |#############          | Elapsed Time: 0:02:09 ETA:   0:00:50
 61% (61 of 100) |##############         | Elapsed Time: 0:02:12 ETA:   0:01:47
 62% (62 of 100) |##############         | Elapsed Time: 0:02:13 ETA:   0:01:19
 63% (63 of 100) |##############         | Elapsed Time: 0:02:15 ETA:   0:01:01
 64% (64 of 100) |##############         | Elapsed Time: 0:02:18 ETA:   0:01:39
 65% (65 of 100) |##############         | Elapsed Time: 0:02:20 ETA:   0:01:22
 66% (66 of 100) |###############        | Elapsed Time: 0:02:22 ETA:   0:01:15
 67% (67 of 100) |###############        | Elapsed Time: 0:02:25 ETA:   0:01:37
 68% (68 of 100) |###############        | Elapsed Time: 0:02:28 ETA:   0:01:54
 69% (69 of 100) |###############        | Elapsed Time: 0:02:29 ETA:   0:01:07
 70% (70 of 100) |################       | Elapsed Time: 0:02:31 ETA:   0:01:04
 71% (71 of 100) |################       | Elapsed Time: 0:02:33 ETA:   0:00:52
 72% (72 of 100) |################       | Elapsed Time: 0:02:34 ETA:   0:00:43
 73% (73 of 100) |################       | Elapsed Time: 0:02:36 ETA:   0:00:41
 74% (74 of 100) |#################      | Elapsed Time: 0:02:39 ETA:   0:01:12
 75% (75 of 100) |#################      | Elapsed Time: 0:02:41 ETA:   0:01:09
 76% (76 of 100) |#################      | Elapsed Time: 0:02:43 ETA:   0:00:51
 77% (77 of 100) |#################      | Elapsed Time: 0:02:44 ETA:   0:00:33
 78% (78 of 100) |#################      | Elapsed Time: 0:02:46 ETA:   0:00:36
 79% (79 of 100) |##################     | Elapsed Time: 0:02:49 ETA:   0:01:03
 80% (80 of 100) |##################     | Elapsed Time: 0:02:53 ETA:   0:01:20
 81% (81 of 100) |##################     | Elapsed Time: 0:02:56 ETA:   0:00:56
slurmstepd: error: *** JOB 6129522 ON n0114.savio2 CANCELLED AT 2020-05-06T04:00:01 ***
